#
# There is insufficient memory for the Java Runtime Environment to continue.
# Native memory allocation (malloc) failed to allocate 965456 bytes for Chunk::new
# Possible reasons:
#   The system is out of physical RAM or swap space
#   The process is running with CompressedOops enabled, and the Java Heap may be blocking the growth of the native heap
# Possible solutions:
#   Reduce memory load on the system
#   Increase physical memory or swap space
#   Check if swap backing store is full
#   Decrease Java heap size (-Xmx/-Xms)
#   Decrease number of Java threads
#   Decrease Java thread stack sizes (-Xss)
#   Set larger code cache with -XX:ReservedCodeCacheSize=
#   JVM is running with Unscaled Compressed Oops mode in which the Java heap is
#     placed in the first 4GB address space. The Java Heap base address is the
#     maximum limit for the native heap growth. Please use -XX:HeapBaseMinAddress
#     to set the Java Heap base and to place the Java Heap above 4GB virtual address.
# This output file may be truncated or incomplete.
#
#  Out of Memory Error (./open/src/hotspot/share/memory/arena.cpp:197), pid=24256, tid=20228
#
# JRE version: Java(TM) SE Runtime Environment 18.9 (11.0.11+9) (build 11.0.11+9-LTS-194)
# Java VM: Java HotSpot(TM) 64-Bit Server VM 18.9 (11.0.11+9-LTS-194, mixed mode, tiered, compressed oops, g1 gc, windows-amd64)
# No core dump will be written. Minidumps are not enabled by default on client versions of Windows
#

---------------  S U M M A R Y ------------

Command Line: C:\Users\wcirino\AppData\Local\Temp\surefire14778048464197263066\surefirebooter1873432879479035072.jar C:\Users\wcirino\AppData\Local\Temp\surefire14778048464197263066 2022-06-20T12-54-38_079-jvmRun1 surefire18240041111581737980tmp surefire_05275396495795899254tmp

Host: Intel(R) Core(TM) i5-8250U CPU @ 1.60GHz, 8 cores, 7G,  Windows 10 , 64 bit Build 18362 (10.0.18362.2037)
Time: Mon Jun 20 12:55:00 2022 Hora oficial do Brasil elapsed time: 19.977014 seconds (0d 0h 0m 19s)

---------------  T H R E A D  ---------------

Current thread (0x000001fb201e0000):  JavaThread "C2 CompilerThread1" daemon [_thread_in_native, id=20228, stack(0x000000d8bc600000,0x000000d8bc700000)]


Current CompileTask:
C2:  19977 4637   !   4       java.net.URL::<init> (543 bytes)

Stack: [0x000000d8bc600000,0x000000d8bc700000]
Native frames: (J=compiled Java code, j=interpreted, Vv=VM code, C=native code)
V  [jvm.dll+0x616f2a]
V  [jvm.dll+0x74de7f]
V  [jvm.dll+0x74f505]
V  [jvm.dll+0x74fb83]
V  [jvm.dll+0x2436d8]
V  [jvm.dll+0xba68c]
V  [jvm.dll+0xbad8c]
V  [jvm.dll+0x3462b7]
V  [jvm.dll+0x3140c3]
V  [jvm.dll+0x31340a]
V  [jvm.dll+0x1fd045]
V  [jvm.dll+0x1fc22f]
V  [jvm.dll+0x17f0bc]
V  [jvm.dll+0x20b68c]
V  [jvm.dll+0x20978b]
V  [jvm.dll+0x7152c9]
V  [jvm.dll+0x70dfc4]
V  [jvm.dll+0x6160f6]
C  [ucrtbase.dll+0x210b2]
C  [KERNEL32.DLL+0x17c24]
C  [ntdll.dll+0x6d721]


---------------  P R O C E S S  ---------------

Threads class SMR info:
_java_thread_list=0x000001fb24ce76f0, length=17, elements={
0x000001fb7863f000, 0x000001fb1fc64000, 0x000001fb1fc65800, 0x000001fb1fce7800,
0x000001fb1fcea800, 0x000001fb1fc92800, 0x000001fb1fcef800, 0x000001fb1fd2e000,
0x000001fb1fe4b000, 0x000001fb1fe55000, 0x000001fb1ff4d800, 0x000001fb20282800,
0x000001fb201e0000, 0x000001fb22872800, 0x000001fb231d8000, 0x000001fb2310f800,
0x000001fb25d17000
}

Java Threads: ( => current thread )
  0x000001fb7863f000 JavaThread "main" [_thread_in_Java, id=37976, stack(0x000000d8bb000000,0x000000d8bb100000)]
  0x000001fb1fc64000 JavaThread "Reference Handler" daemon [_thread_blocked, id=36308, stack(0x000000d8bb700000,0x000000d8bb800000)]
  0x000001fb1fc65800 JavaThread "Finalizer" daemon [_thread_blocked, id=13308, stack(0x000000d8bb800000,0x000000d8bb900000)]
  0x000001fb1fce7800 JavaThread "Signal Dispatcher" daemon [_thread_blocked, id=34344, stack(0x000000d8bb900000,0x000000d8bba00000)]
  0x000001fb1fcea800 JavaThread "Attach Listener" daemon [_thread_blocked, id=29600, stack(0x000000d8bba00000,0x000000d8bbb00000)]
  0x000001fb1fc92800 JavaThread "C2 CompilerThread0" daemon [_thread_in_native, id=31584, stack(0x000000d8bbb00000,0x000000d8bbc00000)]
  0x000001fb1fcef800 JavaThread "C1 CompilerThread0" daemon [_thread_blocked, id=6544, stack(0x000000d8bbc00000,0x000000d8bbd00000)]
  0x000001fb1fd2e000 JavaThread "Sweeper thread" daemon [_thread_blocked, id=28864, stack(0x000000d8bbd00000,0x000000d8bbe00000)]
  0x000001fb1fe4b000 JavaThread "Service Thread" daemon [_thread_blocked, id=13492, stack(0x000000d8bbe00000,0x000000d8bbf00000)]
  0x000001fb1fe55000 JavaThread "Common-Cleaner" daemon [_thread_blocked, id=19480, stack(0x000000d8bc000000,0x000000d8bc100000)]
  0x000001fb1ff4d800 JavaThread "surefire-forkedjvm-command-thread" daemon [_thread_in_native, id=36216, stack(0x000000d8bc100000,0x000000d8bc200000)]
  0x000001fb20282800 JavaThread "surefire-forkedjvm-ping-30s" daemon [_thread_in_native, id=29504, stack(0x000000d8bc200000,0x000000d8bc300000)]
=>0x000001fb201e0000 JavaThread "C2 CompilerThread1" daemon [_thread_in_native, id=20228, stack(0x000000d8bc600000,0x000000d8bc700000)]
  0x000001fb22872800 JavaThread "Catalina-utility-1" [_thread_blocked, id=29948, stack(0x000000d8bc800000,0x000000d8bc900000)]
  0x000001fb231d8000 JavaThread "Catalina-utility-2" [_thread_blocked, id=22792, stack(0x000000d8bc900000,0x000000d8bca00000)]
  0x000001fb2310f800 JavaThread "container-0" [_thread_blocked, id=12304, stack(0x000000d8bca00000,0x000000d8bcb00000)]
  0x000001fb25d17000 JavaThread "mysql-cj-abandoned-connection-cleanup" daemon [_thread_blocked, id=37568, stack(0x000000d8bcb00000,0x000000d8bcc00000)]

Other Threads:
  0x000001fb1fc60800 VMThread "VM Thread" [stack: 0x000000d8bb600000,0x000000d8bb700000] [id=30976]
  0x000001fb1fe54000 WatcherThread [stack: 0x000000d8bbf00000,0x000000d8bc000000] [id=19744]
  0x000001fb78656000 GCTaskThread "GC Thread#0" [stack: 0x000000d8bb100000,0x000000d8bb200000] [id=30500]
  0x000001fb20d75000 GCTaskThread "GC Thread#1" [stack: 0x000000d8bc300000,0x000000d8bc400000] [id=8520]
  0x000001fb20e2d800 GCTaskThread "GC Thread#2" [stack: 0x000000d8bc400000,0x000000d8bc500000] [id=2104]
  0x000001fb21229800 GCTaskThread "GC Thread#3" [stack: 0x000000d8bc700000,0x000000d8bc800000] [id=13096]
  0x000001fb21228000 GCTaskThread "GC Thread#4" [stack: 0x000000d8bcc00000,0x000000d8bcd00000] [id=30840]
  0x000001fb2122a800 GCTaskThread "GC Thread#5" [stack: 0x000000d8bcd00000,0x000000d8bce00000] [id=17576]
  0x000001fb21225800 GCTaskThread "GC Thread#6" [stack: 0x000000d8bce00000,0x000000d8bcf00000] [id=29728]
  0x000001fb21226800 GCTaskThread "GC Thread#7" [stack: 0x000000d8bcf00000,0x000000d8bd000000] [id=23332]
  0x000001fb78685000 ConcurrentGCThread "G1 Main Marker" [stack: 0x000000d8bb200000,0x000000d8bb300000] [id=2524]
  0x000001fb78686800 ConcurrentGCThread "G1 Conc#0" [stack: 0x000000d8bb300000,0x000000d8bb400000] [id=17132]
  0x000001fb21229000 ConcurrentGCThread "G1 Conc#1" [stack: 0x000000d8bc500000,0x000000d8bc600000] [id=35108]
  0x000001fb1f2cc800 ConcurrentGCThread "G1 Refine#0" [stack: 0x000000d8bb400000,0x000000d8bb500000] [id=16780]
  0x000001fb1f2cd800 ConcurrentGCThread "G1 Young RemSet Sampling" [stack: 0x000000d8bb500000,0x000000d8bb600000] [id=6988]

Threads with active compile tasks:
C2 CompilerThread0  20062 4638       4       sun.net.util.URLUtil::urlNoFragString (114 bytes)
C2 CompilerThread1  20062 4637   !   4       java.net.URL::<init> (543 bytes)

VM state:not at safepoint (normal execution)

VM Mutex/Monitor currently owned by a thread: None

Heap address: 0x0000000082000000, size: 2016 MB, Compressed Oops mode: 32-bit
Narrow klass base: 0x0000000000000000, Narrow klass shift: 3
Compressed class space size: 1073741824 Address: 0x0000000100000000

Heap:
 garbage-first heap   total 155648K, used 63712K [0x0000000082000000, 0x0000000100000000)
  region size 1024K, 49 young (50176K), 8 survivors (8192K)
 Metaspace       used 49455K, capacity 50981K, committed 51072K, reserved 1093632K
  class space    used 6121K, capacity 6740K, committed 6784K, reserved 1048576K
Heap Regions: E=young(eden), S=young(survivor), O=old, HS=humongous(starts), HC=humongous(continues), CS=collection set, F=free, A=archive, TAMS=top-at-mark-start (previous, next)
|   0|0x0000000082000000, 0x0000000082100000, 0x0000000082100000|100%|HS|  |TAMS 0x0000000082100000, 0x0000000082000000| Complete 
|   1|0x0000000082100000, 0x0000000082200000, 0x0000000082200000|100%| O|  |TAMS 0x0000000082200000, 0x0000000082100000| Untracked 
|   2|0x0000000082200000, 0x0000000082300000, 0x0000000082300000|100%| O|  |TAMS 0x0000000082300000, 0x0000000082200000| Untracked 
|   3|0x0000000082300000, 0x0000000082400000, 0x0000000082400000|100%| O|  |TAMS 0x0000000082400000, 0x0000000082300000| Untracked 
|   4|0x0000000082400000, 0x0000000082500000, 0x0000000082500000|100%| O|  |TAMS 0x0000000082500000, 0x0000000082400000| Untracked 
|   5|0x0000000082500000, 0x0000000082600000, 0x0000000082600000|100%| O|  |TAMS 0x0000000082600000, 0x0000000082500000| Untracked 
|   6|0x0000000082600000, 0x0000000082700000, 0x0000000082700000|100%| O|  |TAMS 0x0000000082700000, 0x0000000082600000| Untracked 
|   7|0x0000000082700000, 0x0000000082800000, 0x0000000082800000|100%| O|  |TAMS 0x0000000082800000, 0x0000000082700000| Untracked 
|   8|0x0000000082800000, 0x0000000082900000, 0x0000000082900000|100%| O|  |TAMS 0x0000000082900000, 0x0000000082800000| Untracked 
|   9|0x0000000082900000, 0x0000000082a00000, 0x0000000082a00000|100%| O|  |TAMS 0x0000000082a00000, 0x0000000082900000| Untracked 
|  10|0x0000000082a00000, 0x0000000082b00000, 0x0000000082b00000|100%| O|  |TAMS 0x0000000082b00000, 0x0000000082a00000| Untracked 
|  11|0x0000000082b00000, 0x0000000082c00000, 0x0000000082c00000|100%| O|  |TAMS 0x0000000082bcb600, 0x0000000082b00000| Untracked 
|  12|0x0000000082c00000, 0x0000000082d00000, 0x0000000082d00000|100%| O|  |TAMS 0x0000000082c00000, 0x0000000082c00000| Untracked 
|  13|0x0000000082d00000, 0x0000000082e00000, 0x0000000082e00000|100%| O|  |TAMS 0x0000000082d00000, 0x0000000082d00000| Untracked 
|  14|0x0000000082e00000, 0x0000000082ed2a00, 0x0000000082f00000| 82%| O|  |TAMS 0x0000000082e00000, 0x0000000082e00000| Untracked 
|  15|0x0000000082f00000, 0x0000000082f00000, 0x0000000083000000|  0%| F|  |TAMS 0x0000000082f00000, 0x0000000082f00000| Untracked 
|  16|0x0000000083000000, 0x0000000083000000, 0x0000000083100000|  0%| F|  |TAMS 0x0000000083000000, 0x0000000083000000| Untracked 
|  17|0x0000000083100000, 0x0000000083100000, 0x0000000083200000|  0%| F|  |TAMS 0x0000000083100000, 0x0000000083100000| Untracked 
|  18|0x0000000083200000, 0x0000000083200000, 0x0000000083300000|  0%| F|  |TAMS 0x0000000083200000, 0x0000000083200000| Untracked 
|  19|0x0000000083300000, 0x0000000083300000, 0x0000000083400000|  0%| F|  |TAMS 0x0000000083300000, 0x0000000083300000| Untracked 
|  20|0x0000000083400000, 0x0000000083400000, 0x0000000083500000|  0%| F|  |TAMS 0x0000000083400000, 0x0000000083400000| Untracked 
|  21|0x0000000083500000, 0x0000000083500000, 0x0000000083600000|  0%| F|  |TAMS 0x0000000083500000, 0x0000000083500000| Untracked 
|  22|0x0000000083600000, 0x0000000083600000, 0x0000000083700000|  0%| F|  |TAMS 0x0000000083600000, 0x0000000083600000| Untracked 
|  23|0x0000000083700000, 0x0000000083700000, 0x0000000083800000|  0%| F|  |TAMS 0x0000000083700000, 0x0000000083700000| Untracked 
|  24|0x0000000083800000, 0x0000000083800000, 0x0000000083900000|  0%| F|  |TAMS 0x0000000083800000, 0x0000000083800000| Untracked 
|  25|0x0000000083900000, 0x0000000083900000, 0x0000000083a00000|  0%| F|  |TAMS 0x0000000083900000, 0x0000000083900000| Untracked 
|  26|0x0000000083a00000, 0x0000000083a00000, 0x0000000083b00000|  0%| F|  |TAMS 0x0000000083a00000, 0x0000000083a00000| Untracked 
|  27|0x0000000083b00000, 0x0000000083b00000, 0x0000000083c00000|  0%| F|  |TAMS 0x0000000083b00000, 0x0000000083b00000| Untracked 
|  28|0x0000000083c00000, 0x0000000083c00000, 0x0000000083d00000|  0%| F|  |TAMS 0x0000000083c00000, 0x0000000083c00000| Untracked 
|  29|0x0000000083d00000, 0x0000000083d00000, 0x0000000083e00000|  0%| F|  |TAMS 0x0000000083d00000, 0x0000000083d00000| Untracked 
|  30|0x0000000083e00000, 0x0000000083e00000, 0x0000000083f00000|  0%| F|  |TAMS 0x0000000083e00000, 0x0000000083e00000| Untracked 
|  31|0x0000000083f00000, 0x0000000083f00000, 0x0000000084000000|  0%| F|  |TAMS 0x0000000083f00000, 0x0000000083f00000| Untracked 
|  32|0x0000000084000000, 0x0000000084000000, 0x0000000084100000|  0%| F|  |TAMS 0x0000000084000000, 0x0000000084000000| Untracked 
|  33|0x0000000084100000, 0x0000000084100000, 0x0000000084200000|  0%| F|  |TAMS 0x0000000084100000, 0x0000000084100000| Untracked 
|  34|0x0000000084200000, 0x0000000084200000, 0x0000000084300000|  0%| F|  |TAMS 0x0000000084200000, 0x0000000084200000| Untracked 
|  35|0x0000000084300000, 0x0000000084300000, 0x0000000084400000|  0%| F|  |TAMS 0x0000000084300000, 0x0000000084300000| Untracked 
|  36|0x0000000084400000, 0x0000000084400000, 0x0000000084500000|  0%| F|  |TAMS 0x0000000084400000, 0x0000000084400000| Untracked 
|  37|0x0000000084500000, 0x0000000084500000, 0x0000000084600000|  0%| F|  |TAMS 0x0000000084500000, 0x0000000084500000| Untracked 
|  38|0x0000000084600000, 0x0000000084600000, 0x0000000084700000|  0%| F|  |TAMS 0x0000000084600000, 0x0000000084600000| Untracked 
|  39|0x0000000084700000, 0x0000000084700000, 0x0000000084800000|  0%| F|  |TAMS 0x0000000084700000, 0x0000000084700000| Untracked 
|  40|0x0000000084800000, 0x0000000084800000, 0x0000000084900000|  0%| F|  |TAMS 0x0000000084800000, 0x0000000084800000| Untracked 
|  41|0x0000000084900000, 0x0000000084900000, 0x0000000084a00000|  0%| F|  |TAMS 0x0000000084900000, 0x0000000084900000| Untracked 
|  42|0x0000000084a00000, 0x0000000084a00000, 0x0000000084b00000|  0%| F|  |TAMS 0x0000000084a00000, 0x0000000084a00000| Untracked 
|  43|0x0000000084b00000, 0x0000000084b00000, 0x0000000084c00000|  0%| F|  |TAMS 0x0000000084b00000, 0x0000000084b00000| Untracked 
|  44|0x0000000084c00000, 0x0000000084c00000, 0x0000000084d00000|  0%| F|  |TAMS 0x0000000084c00000, 0x0000000084c00000| Untracked 
|  45|0x0000000084d00000, 0x0000000084d00000, 0x0000000084e00000|  0%| F|  |TAMS 0x0000000084d00000, 0x0000000084d00000| Untracked 
|  46|0x0000000084e00000, 0x0000000084e00000, 0x0000000084f00000|  0%| F|  |TAMS 0x0000000084e00000, 0x0000000084e00000| Untracked 
|  47|0x0000000084f00000, 0x0000000084f00000, 0x0000000085000000|  0%| F|  |TAMS 0x0000000084f00000, 0x0000000084f00000| Untracked 
|  48|0x0000000085000000, 0x0000000085000000, 0x0000000085100000|  0%| F|  |TAMS 0x0000000085000000, 0x0000000085000000| Untracked 
|  49|0x0000000085100000, 0x0000000085100000, 0x0000000085200000|  0%| F|  |TAMS 0x0000000085100000, 0x0000000085100000| Untracked 
|  50|0x0000000085200000, 0x0000000085200000, 0x0000000085300000|  0%| F|  |TAMS 0x0000000085200000, 0x0000000085200000| Untracked 
|  51|0x0000000085300000, 0x0000000085300000, 0x0000000085400000|  0%| F|  |TAMS 0x0000000085300000, 0x0000000085300000| Untracked 
|  52|0x0000000085400000, 0x0000000085400000, 0x0000000085500000|  0%| F|  |TAMS 0x0000000085400000, 0x0000000085400000| Untracked 
|  53|0x0000000085500000, 0x0000000085500000, 0x0000000085600000|  0%| F|  |TAMS 0x0000000085500000, 0x0000000085500000| Untracked 
|  54|0x0000000085600000, 0x0000000085600000, 0x0000000085700000|  0%| F|  |TAMS 0x0000000085600000, 0x0000000085600000| Untracked 
|  55|0x0000000085700000, 0x0000000085700000, 0x0000000085800000|  0%| F|  |TAMS 0x0000000085700000, 0x0000000085700000| Untracked 
|  56|0x0000000085800000, 0x0000000085800000, 0x0000000085900000|  0%| F|  |TAMS 0x0000000085800000, 0x0000000085800000| Untracked 
|  57|0x0000000085900000, 0x0000000085900000, 0x0000000085a00000|  0%| F|  |TAMS 0x0000000085900000, 0x0000000085900000| Untracked 
|  58|0x0000000085a00000, 0x0000000085a00000, 0x0000000085b00000|  0%| F|  |TAMS 0x0000000085a00000, 0x0000000085a00000| Untracked 
|  59|0x0000000085b00000, 0x0000000085b65760, 0x0000000085c00000| 39%| S|CS|TAMS 0x0000000085b00000, 0x0000000085b00000| Complete 
|  60|0x0000000085c00000, 0x0000000085d00000, 0x0000000085d00000|100%| S|CS|TAMS 0x0000000085c00000, 0x0000000085c00000| Complete 
|  61|0x0000000085d00000, 0x0000000085e00000, 0x0000000085e00000|100%| S|CS|TAMS 0x0000000085d00000, 0x0000000085d00000| Complete 
|  62|0x0000000085e00000, 0x0000000085f00000, 0x0000000085f00000|100%| S|CS|TAMS 0x0000000085e00000, 0x0000000085e00000| Complete 
|  63|0x0000000085f00000, 0x0000000086000000, 0x0000000086000000|100%| S|CS|TAMS 0x0000000085f00000, 0x0000000085f00000| Complete 
|  64|0x0000000086000000, 0x0000000086100000, 0x0000000086100000|100%| S|CS|TAMS 0x0000000086000000, 0x0000000086000000| Complete 
|  65|0x0000000086100000, 0x0000000086200000, 0x0000000086200000|100%| S|CS|TAMS 0x0000000086100000, 0x0000000086100000| Complete 
|  66|0x0000000086200000, 0x0000000086300000, 0x0000000086300000|100%| S|CS|TAMS 0x0000000086200000, 0x0000000086200000| Complete 
|  67|0x0000000086300000, 0x0000000086300000, 0x0000000086400000|  0%| F|  |TAMS 0x0000000086300000, 0x0000000086300000| Untracked 
|  68|0x0000000086400000, 0x0000000086400000, 0x0000000086500000|  0%| F|  |TAMS 0x0000000086400000, 0x0000000086400000| Untracked 
|  69|0x0000000086500000, 0x0000000086500000, 0x0000000086600000|  0%| F|  |TAMS 0x0000000086500000, 0x0000000086500000| Untracked 
|  70|0x0000000086600000, 0x0000000086600000, 0x0000000086700000|  0%| F|  |TAMS 0x0000000086600000, 0x0000000086600000| Untracked 
|  71|0x0000000086700000, 0x0000000086700000, 0x0000000086800000|  0%| F|  |TAMS 0x0000000086700000, 0x0000000086700000| Untracked 
|  72|0x0000000086800000, 0x0000000086800000, 0x0000000086900000|  0%| F|  |TAMS 0x0000000086800000, 0x0000000086800000| Untracked 
|  73|0x0000000086900000, 0x0000000086900000, 0x0000000086a00000|  0%| F|  |TAMS 0x0000000086900000, 0x0000000086900000| Untracked 
|  74|0x0000000086a00000, 0x0000000086a00000, 0x0000000086b00000|  0%| F|  |TAMS 0x0000000086a00000, 0x0000000086a00000| Untracked 
|  75|0x0000000086b00000, 0x0000000086b00000, 0x0000000086c00000|  0%| F|  |TAMS 0x0000000086b00000, 0x0000000086b00000| Untracked 
|  76|0x0000000086c00000, 0x0000000086c00000, 0x0000000086d00000|  0%| F|  |TAMS 0x0000000086c00000, 0x0000000086c00000| Untracked 
|  77|0x0000000086d00000, 0x0000000086d00000, 0x0000000086e00000|  0%| F|  |TAMS 0x0000000086d00000, 0x0000000086d00000| Untracked 
|  78|0x0000000086e00000, 0x0000000086e00000, 0x0000000086f00000|  0%| F|  |TAMS 0x0000000086e00000, 0x0000000086e00000| Untracked 
|  79|0x0000000086f00000, 0x0000000086f00000, 0x0000000087000000|  0%| F|  |TAMS 0x0000000086f00000, 0x0000000086f00000| Untracked 
|  80|0x0000000087000000, 0x0000000087000000, 0x0000000087100000|  0%| F|  |TAMS 0x0000000087000000, 0x0000000087000000| Untracked 
|  81|0x0000000087100000, 0x0000000087100000, 0x0000000087200000|  0%| F|  |TAMS 0x0000000087100000, 0x0000000087100000| Untracked 
|  82|0x0000000087200000, 0x0000000087200000, 0x0000000087300000|  0%| F|  |TAMS 0x0000000087200000, 0x0000000087200000| Untracked 
|  83|0x0000000087300000, 0x0000000087300000, 0x0000000087400000|  0%| F|  |TAMS 0x0000000087300000, 0x0000000087300000| Untracked 
|  84|0x0000000087400000, 0x0000000087400000, 0x0000000087500000|  0%| F|  |TAMS 0x0000000087400000, 0x0000000087400000| Untracked 
|  85|0x0000000087500000, 0x0000000087500000, 0x0000000087600000|  0%| F|  |TAMS 0x0000000087500000, 0x0000000087500000| Untracked 
|  86|0x0000000087600000, 0x0000000087600000, 0x0000000087700000|  0%| F|  |TAMS 0x0000000087600000, 0x0000000087600000| Untracked 
|  87|0x0000000087700000, 0x0000000087700000, 0x0000000087800000|  0%| F|  |TAMS 0x0000000087700000, 0x0000000087700000| Untracked 
|  88|0x0000000087800000, 0x0000000087800000, 0x0000000087900000|  0%| F|  |TAMS 0x0000000087800000, 0x0000000087800000| Untracked 
|  89|0x0000000087900000, 0x0000000087900000, 0x0000000087a00000|  0%| F|  |TAMS 0x0000000087900000, 0x0000000087900000| Untracked 
|  90|0x0000000087a00000, 0x0000000087a00000, 0x0000000087b00000|  0%| F|  |TAMS 0x0000000087a00000, 0x0000000087a00000| Untracked 
|  91|0x0000000087b00000, 0x0000000087b00000, 0x0000000087c00000|  0%| F|  |TAMS 0x0000000087b00000, 0x0000000087b00000| Untracked 
|  92|0x0000000087c00000, 0x0000000087c00000, 0x0000000087d00000|  0%| F|  |TAMS 0x0000000087c00000, 0x0000000087c00000| Untracked 
|  93|0x0000000087d00000, 0x0000000087d00000, 0x0000000087e00000|  0%| F|  |TAMS 0x0000000087d00000, 0x0000000087d00000| Untracked 
|  94|0x0000000087e00000, 0x0000000087e00000, 0x0000000087f00000|  0%| F|  |TAMS 0x0000000087e00000, 0x0000000087e00000| Untracked 
|  95|0x0000000087f00000, 0x0000000087f00000, 0x0000000088000000|  0%| F|  |TAMS 0x0000000087f00000, 0x0000000087f00000| Untracked 
|  96|0x0000000088000000, 0x0000000088000000, 0x0000000088100000|  0%| F|  |TAMS 0x0000000088000000, 0x0000000088000000| Untracked 
|  97|0x0000000088100000, 0x0000000088100000, 0x0000000088200000|  0%| F|  |TAMS 0x0000000088100000, 0x0000000088100000| Untracked 
|  98|0x0000000088200000, 0x0000000088200000, 0x0000000088300000|  0%| F|  |TAMS 0x0000000088200000, 0x0000000088200000| Untracked 
|  99|0x0000000088300000, 0x0000000088300000, 0x0000000088400000|  0%| F|  |TAMS 0x0000000088300000, 0x0000000088300000| Untracked 
| 100|0x0000000088400000, 0x0000000088400000, 0x0000000088500000|  0%| F|  |TAMS 0x0000000088400000, 0x0000000088400000| Untracked 
| 101|0x0000000088500000, 0x0000000088500000, 0x0000000088600000|  0%| F|  |TAMS 0x0000000088500000, 0x0000000088500000| Untracked 
| 102|0x0000000088600000, 0x0000000088600000, 0x0000000088700000|  0%| F|  |TAMS 0x0000000088600000, 0x0000000088600000| Untracked 
| 103|0x0000000088700000, 0x0000000088700000, 0x0000000088800000|  0%| F|  |TAMS 0x0000000088700000, 0x0000000088700000| Untracked 
| 104|0x0000000088800000, 0x0000000088800000, 0x0000000088900000|  0%| F|  |TAMS 0x0000000088800000, 0x0000000088800000| Untracked 
| 105|0x0000000088900000, 0x0000000088900000, 0x0000000088a00000|  0%| F|  |TAMS 0x0000000088900000, 0x0000000088900000| Untracked 
| 106|0x0000000088a00000, 0x0000000088a00000, 0x0000000088b00000|  0%| F|  |TAMS 0x0000000088a00000, 0x0000000088a00000| Untracked 
| 107|0x0000000088b00000, 0x0000000088b00000, 0x0000000088c00000|  0%| F|  |TAMS 0x0000000088b00000, 0x0000000088b00000| Untracked 
| 108|0x0000000088c00000, 0x0000000088c00000, 0x0000000088d00000|  0%| F|  |TAMS 0x0000000088c00000, 0x0000000088c00000| Untracked 
| 109|0x0000000088d00000, 0x0000000088d00000, 0x0000000088e00000|  0%| F|  |TAMS 0x0000000088d00000, 0x0000000088d00000| Untracked 
| 110|0x0000000088e00000, 0x0000000088e00000, 0x0000000088f00000|  0%| F|  |TAMS 0x0000000088e00000, 0x0000000088e00000| Untracked 
| 111|0x0000000088f00000, 0x0000000088f80800, 0x0000000089000000| 50%| E|  |TAMS 0x0000000088f00000, 0x0000000088f00000| Complete 
| 112|0x0000000089000000, 0x0000000089100000, 0x0000000089100000|100%| E|CS|TAMS 0x0000000089000000, 0x0000000089000000| Complete 
| 113|0x0000000089100000, 0x0000000089200000, 0x0000000089200000|100%| E|CS|TAMS 0x0000000089100000, 0x0000000089100000| Complete 
| 114|0x0000000089200000, 0x0000000089300000, 0x0000000089300000|100%| E|CS|TAMS 0x0000000089200000, 0x0000000089200000| Complete 
| 115|0x0000000089300000, 0x0000000089400000, 0x0000000089400000|100%| E|CS|TAMS 0x0000000089300000, 0x0000000089300000| Complete 
| 116|0x0000000089400000, 0x0000000089500000, 0x0000000089500000|100%| E|CS|TAMS 0x0000000089400000, 0x0000000089400000| Complete 
| 117|0x0000000089500000, 0x0000000089600000, 0x0000000089600000|100%| E|CS|TAMS 0x0000000089500000, 0x0000000089500000| Complete 
| 118|0x0000000089600000, 0x0000000089700000, 0x0000000089700000|100%| E|CS|TAMS 0x0000000089600000, 0x0000000089600000| Complete 
| 119|0x0000000089700000, 0x0000000089800000, 0x0000000089800000|100%| E|CS|TAMS 0x0000000089700000, 0x0000000089700000| Complete 
| 120|0x0000000089800000, 0x0000000089900000, 0x0000000089900000|100%| E|CS|TAMS 0x0000000089800000, 0x0000000089800000| Complete 
| 121|0x0000000089900000, 0x0000000089a00000, 0x0000000089a00000|100%| E|CS|TAMS 0x0000000089900000, 0x0000000089900000| Complete 
| 122|0x0000000089a00000, 0x0000000089b00000, 0x0000000089b00000|100%| E|CS|TAMS 0x0000000089a00000, 0x0000000089a00000| Complete 
| 123|0x0000000089b00000, 0x0000000089c00000, 0x0000000089c00000|100%| E|CS|TAMS 0x0000000089b00000, 0x0000000089b00000| Complete 
| 124|0x0000000089c00000, 0x0000000089d00000, 0x0000000089d00000|100%| E|CS|TAMS 0x0000000089c00000, 0x0000000089c00000| Complete 
| 125|0x0000000089d00000, 0x0000000089e00000, 0x0000000089e00000|100%| E|CS|TAMS 0x0000000089d00000, 0x0000000089d00000| Complete 
| 126|0x0000000089e00000, 0x0000000089f00000, 0x0000000089f00000|100%| E|CS|TAMS 0x0000000089e00000, 0x0000000089e00000| Complete 
| 127|0x0000000089f00000, 0x000000008a000000, 0x000000008a000000|100%| E|CS|TAMS 0x0000000089f00000, 0x0000000089f00000| Complete 
| 128|0x000000008a000000, 0x000000008a100000, 0x000000008a100000|100%| E|CS|TAMS 0x000000008a000000, 0x000000008a000000| Complete 
| 129|0x000000008a100000, 0x000000008a200000, 0x000000008a200000|100%| E|CS|TAMS 0x000000008a100000, 0x000000008a100000| Complete 
| 130|0x000000008a200000, 0x000000008a300000, 0x000000008a300000|100%| E|CS|TAMS 0x000000008a200000, 0x000000008a200000| Complete 
| 131|0x000000008a300000, 0x000000008a400000, 0x000000008a400000|100%| E|CS|TAMS 0x000000008a300000, 0x000000008a300000| Complete 
| 132|0x000000008a400000, 0x000000008a500000, 0x000000008a500000|100%| E|CS|TAMS 0x000000008a400000, 0x000000008a400000| Complete 
| 133|0x000000008a500000, 0x000000008a600000, 0x000000008a600000|100%| E|CS|TAMS 0x000000008a500000, 0x000000008a500000| Complete 
| 134|0x000000008a600000, 0x000000008a700000, 0x000000008a700000|100%| E|CS|TAMS 0x000000008a600000, 0x000000008a600000| Complete 
| 135|0x000000008a700000, 0x000000008a800000, 0x000000008a800000|100%| E|CS|TAMS 0x000000008a700000, 0x000000008a700000| Complete 
| 136|0x000000008a800000, 0x000000008a900000, 0x000000008a900000|100%| E|CS|TAMS 0x000000008a800000, 0x000000008a800000| Complete 
| 137|0x000000008a900000, 0x000000008aa00000, 0x000000008aa00000|100%| E|CS|TAMS 0x000000008a900000, 0x000000008a900000| Complete 
| 138|0x000000008aa00000, 0x000000008ab00000, 0x000000008ab00000|100%| E|CS|TAMS 0x000000008aa00000, 0x000000008aa00000| Complete 
| 139|0x000000008ab00000, 0x000000008ac00000, 0x000000008ac00000|100%| E|CS|TAMS 0x000000008ab00000, 0x000000008ab00000| Complete 
| 140|0x000000008ac00000, 0x000000008ad00000, 0x000000008ad00000|100%| E|CS|TAMS 0x000000008ac00000, 0x000000008ac00000| Complete 
| 141|0x000000008ad00000, 0x000000008ae00000, 0x000000008ae00000|100%| E|CS|TAMS 0x000000008ad00000, 0x000000008ad00000| Complete 
| 142|0x000000008ae00000, 0x000000008af00000, 0x000000008af00000|100%| E|CS|TAMS 0x000000008ae00000, 0x000000008ae00000| Complete 
| 143|0x000000008af00000, 0x000000008b000000, 0x000000008b000000|100%| E|CS|TAMS 0x000000008af00000, 0x000000008af00000| Complete 
| 144|0x000000008b000000, 0x000000008b100000, 0x000000008b100000|100%| E|CS|TAMS 0x000000008b000000, 0x000000008b000000| Complete 
| 145|0x000000008b100000, 0x000000008b200000, 0x000000008b200000|100%| E|CS|TAMS 0x000000008b100000, 0x000000008b100000| Complete 
| 146|0x000000008b200000, 0x000000008b300000, 0x000000008b300000|100%| E|CS|TAMS 0x000000008b200000, 0x000000008b200000| Complete 
| 147|0x000000008b300000, 0x000000008b400000, 0x000000008b400000|100%| E|CS|TAMS 0x000000008b300000, 0x000000008b300000| Complete 
| 148|0x000000008b400000, 0x000000008b500000, 0x000000008b500000|100%| E|CS|TAMS 0x000000008b400000, 0x000000008b400000| Complete 
| 149|0x000000008b500000, 0x000000008b600000, 0x000000008b600000|100%| E|CS|TAMS 0x000000008b500000, 0x000000008b500000| Complete 
| 150|0x000000008b600000, 0x000000008b700000, 0x000000008b700000|100%| E|CS|TAMS 0x000000008b600000, 0x000000008b600000| Complete 
| 151|0x000000008b700000, 0x000000008b800000, 0x000000008b800000|100%| E|CS|TAMS 0x000000008b700000, 0x000000008b700000| Complete 

Card table byte_map: [0x000001fb18260000,0x000001fb18650000] _byte_map_base: 0x000001fb17e50000

Marking Bits (Prev, Next): (CMBitMap*) 0x000001fb7631e818, (CMBitMap*) 0x000001fb7631e850
 Prev Bits: [0x000001fb18a40000, 0x000001fb1a9c0000)
 Next Bits: [0x000001fb1a9c0000, 0x000001fb1c940000)

Polling page: 0x000001fb00000000

Metaspace:

Usage:
  Non-class:     43.21 MB capacity,    42.37 MB ( 98%) used,   669.18 KB (  2%) free+waste,   190.00 KB ( <1%) overhead. 
      Class:      6.65 MB capacity,     5.98 MB ( 90%) used,   585.39 KB (  9%) free+waste,    92.50 KB (  1%) overhead. 
       Both:     49.85 MB capacity,    48.35 MB ( 97%) used,     1.23 MB (  2%) free+waste,   282.50 KB ( <1%) overhead. 

Virtual space:
  Non-class space:       44.00 MB reserved,      43.25 MB ( 98%) committed 
      Class space:        1.00 GB reserved,       6.75 MB ( <1%) committed 
             Both:        1.04 GB reserved,      50.00 MB (  5%) committed 

Chunk freelists:
   Non-Class:  5.63 KB
       Class:  1.38 KB
        Both:  7.00 KB

CodeHeap 'non-profiled nmethods': size=120000Kb used=2376Kb max_used=2376Kb free=117623Kb
 bounds [0x000001fb0fec0000, 0x000001fb10130000, 0x000001fb173f0000]
CodeHeap 'profiled nmethods': size=120000Kb used=10190Kb max_used=10190Kb free=109809Kb
 bounds [0x000001fb08990000, 0x000001fb09390000, 0x000001fb0fec0000]
CodeHeap 'non-nmethods': size=5760Kb used=1153Kb max_used=1200Kb free=4606Kb
 bounds [0x000001fb083f0000, 0x000001fb08660000, 0x000001fb08990000]
 total_blobs=5038 nmethods=4550 adapters=399
 compilation: enabled
              stopped_count=0, restarted_count=0
 full_count=0

Compilation events (10 events):
Event: 19.683 Thread 0x000001fb1fcef800 nmethod 4631 0x000001fb10107390 code [0x000001fb10107520, 0x000001fb101075d8]
Event: 19.692 Thread 0x000001fb201e0000 4632       4       java.lang.String::equalsIgnoreCase (45 bytes)
Event: 19.719 Thread 0x000001fb201e0000 nmethod 4632 0x000001fb10107690 code [0x000001fb10107840, 0x000001fb10107e98]
Event: 19.719 Thread 0x000001fb201e0000 4633       4       java.util.zip.ZipFile$ZipFileInflaterInputStream::<init> (41 bytes)
Event: 19.722 Thread 0x000001fb1fc92800 nmethod 4628 0x000001fb10108390 code [0x000001fb101085e0, 0x000001fb10109c00]
Event: 19.723 Thread 0x000001fb1fc92800 4634   !   4       java.util.zip.ZipFile::getInputStream (323 bytes)
Event: 19.808 Thread 0x000001fb201e0000 nmethod 4633 0x000001fb1010ab10 code [0x000001fb1010ace0, 0x000001fb1010c298]
Event: 19.808 Thread 0x000001fb201e0000 4637   !   4       java.net.URL::<init> (543 bytes)
Event: 19.954 Thread 0x000001fb1fcef800 4640       1       org.apache.logging.log4j.Level::getStandardLevel (5 bytes)
Event: 19.955 Thread 0x000001fb1fcef800 nmethod 4640 0x000001fb1010c810 code [0x000001fb1010c9a0, 0x000001fb1010ca58]

GC Heap History (10 events):
Event: 8.551 GC heap before
{Heap before GC invocations=4 (full 0):
 garbage-first heap   total 129024K, used 77899K [0x0000000082000000, 0x0000000100000000)
  region size 1024K, 65 young (66560K), 1 survivors (1024K)
 Metaspace       used 31489K, capacity 32518K, committed 32768K, reserved 1077248K
  class space    used 3624K, capacity 4043K, committed 4096K, reserved 1048576K
}
Event: 8.567 GC heap after
{Heap after GC invocations=5 (full 0):
 garbage-first heap   total 129024K, used 15435K [0x0000000082000000, 0x0000000100000000)
  region size 1024K, 4 young (4096K), 4 survivors (4096K)
 Metaspace       used 31489K, capacity 32518K, committed 32768K, reserved 1077248K
  class space    used 3624K, capacity 4043K, committed 4096K, reserved 1048576K
}
Event: 9.402 GC heap before
{Heap before GC invocations=5 (full 0):
 garbage-first heap   total 129024K, used 81995K [0x0000000082000000, 0x0000000100000000)
  region size 1024K, 70 young (71680K), 4 survivors (4096K)
 Metaspace       used 32864K, capacity 33921K, committed 34176K, reserved 1079296K
  class space    used 3776K, capacity 4191K, committed 4224K, reserved 1048576K
}
Event: 9.420 GC heap after
{Heap after GC invocations=6 (full 0):
 garbage-first heap   total 129024K, used 17122K [0x0000000082000000, 0x0000000100000000)
  region size 1024K, 6 young (6144K), 6 survivors (6144K)
 Metaspace       used 32864K, capacity 33921K, committed 34176K, reserved 1079296K
  class space    used 3776K, capacity 4191K, committed 4224K, reserved 1048576K
}
Event: 10.561 GC heap before
{Heap before GC invocations=6 (full 0):
 garbage-first heap   total 129024K, used 50914K [0x0000000082000000, 0x0000000100000000)
  region size 1024K, 40 young (40960K), 6 survivors (6144K)
 Metaspace       used 34725K, capacity 35788K, committed 35840K, reserved 1081344K
  class space    used 4017K, capacity 4468K, committed 4480K, reserved 1048576K
}
Event: 10.580 GC heap after
{Heap after GC invocations=7 (full 0):
 garbage-first heap   total 129024K, used 17834K [0x0000000082000000, 0x0000000100000000)
  region size 1024K, 6 young (6144K), 6 survivors (6144K)
 Metaspace       used 34725K, capacity 35788K, committed 35840K, reserved 1081344K
  class space    used 4017K, capacity 4468K, committed 4480K, reserved 1048576K
}
Event: 14.712 GC heap before
{Heap before GC invocations=8 (full 0):
 garbage-first heap   total 129024K, used 87466K [0x0000000082000000, 0x0000000100000000)
  region size 1024K, 74 young (75776K), 6 survivors (6144K)
 Metaspace       used 40332K, capacity 41717K, committed 41856K, reserved 1085440K
  class space    used 4813K, capacity 5384K, committed 5504K, reserved 1048576K
}
Event: 14.748 GC heap after
{Heap after GC invocations=9 (full 0):
 garbage-first heap   total 155648K, used 20972K [0x0000000082000000, 0x0000000100000000)
  region size 1024K, 6 young (6144K), 6 survivors (6144K)
 Metaspace       used 40332K, capacity 41717K, committed 41856K, reserved 1085440K
  class space    used 4813K, capacity 5384K, committed 5504K, reserved 1048576K
}
Event: 18.144 GC heap before
{Heap before GC invocations=9 (full 0):
 garbage-first heap   total 155648K, used 106988K [0x0000000082000000, 0x0000000100000000)
  region size 1024K, 91 young (93184K), 6 survivors (6144K)
 Metaspace       used 43735K, capacity 45284K, committed 45568K, reserved 1089536K
  class space    used 5194K, capacity 5826K, committed 5888K, reserved 1048576K
}
Event: 18.160 GC heap after
{Heap after GC invocations=10 (full 0):
 garbage-first heap   total 155648K, used 22752K [0x0000000082000000, 0x0000000100000000)
  region size 1024K, 8 young (8192K), 8 survivors (8192K)
 Metaspace       used 43735K, capacity 45284K, committed 45568K, reserved 1089536K
  class space    used 5194K, capacity 5826K, committed 5888K, reserved 1048576K
}

Deoptimization events (10 events):
Event: 17.633 Thread 0x000001fb7863f000 Uncommon trap: reason=profile_predicate action=maybe_recompile pc=0x000001fb1009fd10 method=java.lang.PublicMethods$MethodList.filter([Ljava/lang/reflect/Method;Ljava/lang/String;[Ljava/lang/Class;Z)Ljava/lang/PublicMethods$MethodList; @ 21 c2
Event: 17.634 Thread 0x000001fb7863f000 Uncommon trap: reason=profile_predicate action=maybe_recompile pc=0x000001fb1009fd10 method=java.lang.PublicMethods$MethodList.filter([Ljava/lang/reflect/Method;Ljava/lang/String;[Ljava/lang/Class;Z)Ljava/lang/PublicMethods$MethodList; @ 21 c2
Event: 17.634 Thread 0x000001fb7863f000 Uncommon trap: reason=profile_predicate action=maybe_recompile pc=0x000001fb1009fd10 method=java.lang.PublicMethods$MethodList.filter([Ljava/lang/reflect/Method;Ljava/lang/String;[Ljava/lang/Class;Z)Ljava/lang/PublicMethods$MethodList; @ 21 c2
Event: 18.125 Thread 0x000001fb25d17000 Uncommon trap: reason=unstable_if action=reinterpret pc=0x000001fb0ff4d334 method=java.util.zip.ZipFile$Source.getEntryPos([BZ)I @ 145 c2
Event: 18.126 Thread 0x000001fb25d17000 Uncommon trap: reason=unstable_if action=reinterpret pc=0x000001fb100bb278 method=java.net.URL.<init>(Ljava/net/URL;Ljava/lang/String;Ljava/net/URLStreamHandler;)V @ 57 c2
Event: 18.126 Thread 0x000001fb25d17000 Uncommon trap: reason=unstable_if action=reinterpret pc=0x000001fb100cfa40 method=java.net.URLStreamHandler.parseURL(Ljava/net/URL;Ljava/lang/String;II)V @ 57 c2
Event: 18.168 Thread 0x000001fb7863f000 Uncommon trap: reason=class_check action=maybe_recompile pc=0x000001fb10052604 method=sun.reflect.generics.reflectiveObjects.TypeVariableImpl.hashCode()I @ 4 c2
Event: 18.173 Thread 0x000001fb7863f000 Uncommon trap: reason=class_check action=maybe_recompile pc=0x000001fb10052604 method=sun.reflect.generics.reflectiveObjects.TypeVariableImpl.hashCode()I @ 4 c2
Event: 18.185 Thread 0x000001fb7863f000 Uncommon trap: reason=null_check action=make_not_entrant pc=0x000001fb100c6c40 method=java.lang.Class.createAnnotationData(I)Ljava/lang/Class$AnnotationData; @ 14 c2
Event: 18.574 Thread 0x000001fb7863f000 Uncommon trap: reason=null_check action=make_not_entrant pc=0x000001fb10028aa0 method=org.springframework.beans.factory.support.DefaultListableBeanFactory.getBeanDefinition(Ljava/lang/String;)Lorg/springframework/beans/factory/config/BeanDefinition; @ 10 

Classes redefined (0 events):
No events

Internal exceptions (10 events):
Event: 18.608 Thread 0x000001fb7863f000 Exception <a 'java/lang/ClassNotFoundException'{0x000000008aa5e318}: org/springframework/beans/factory/BeanClassLoaderAwareCustomizer> (0x000000008aa5e318) thrown at [./open/src/hotspot/share/classfile/systemDictionary.cpp, line 228]
Event: 18.609 Thread 0x000001fb7863f000 Exception <a 'java/lang/ClassNotFoundException'{0x000000008aa74920}: org/springframework/beans/factory/AwareCustomizer> (0x000000008aa74920) thrown at [./open/src/hotspot/share/classfile/systemDictionary.cpp, line 228]
Event: 18.611 Thread 0x000001fb7863f000 Exception <a 'java/lang/ClassNotFoundException'{0x000000008aa8cb78}: org/springframework/beans/factory/BeanFactoryAwareCustomizer> (0x000000008aa8cb78) thrown at [./open/src/hotspot/share/classfile/systemDictionary.cpp, line 228]
Event: 18.612 Thread 0x000001fb7863f000 Exception <a 'java/lang/ClassNotFoundException'{0x000000008aaa3680}: org/springframework/beans/factory/AwareCustomizer> (0x000000008aaa3680) thrown at [./open/src/hotspot/share/classfile/systemDictionary.cpp, line 228]
Event: 18.613 Thread 0x000001fb7863f000 Exception <a 'java/lang/ClassNotFoundException'{0x000000008aaba6d8}: org/springframework/beans/factory/BeanNameAwareCustomizer> (0x000000008aaba6d8) thrown at [./open/src/hotspot/share/classfile/systemDictionary.cpp, line 228]
Event: 18.614 Thread 0x000001fb7863f000 Exception <a 'java/lang/ClassNotFoundException'{0x000000008aad0c68}: org/springframework/beans/factory/AwareCustomizer> (0x000000008aad0c68) thrown at [./open/src/hotspot/share/classfile/systemDictionary.cpp, line 228]
Event: 18.616 Thread 0x000001fb7863f000 Exception <a 'java/lang/ClassNotFoundException'{0x000000008aae8c70}: org/springframework/beans/factory/InitializingBeanCustomizer> (0x000000008aae8c70) thrown at [./open/src/hotspot/share/classfile/systemDictionary.cpp, line 228]
Event: 18.617 Thread 0x000001fb7863f000 Exception <a 'java/lang/ClassNotFoundException'{0x000000008a901170}: org/springframework/beans/factory/DisposableBeanCustomizer> (0x000000008a901170) thrown at [./open/src/hotspot/share/classfile/systemDictionary.cpp, line 228]
Event: 18.618 Thread 0x000001fb7863f000 Exception <a 'java/lang/ClassNotFoundException'{0x000000008a91a290}: org/springframework/orm/jpa/EntityManagerFactoryInfoCustomizer> (0x000000008a91a290) thrown at [./open/src/hotspot/share/classfile/systemDictionary.cpp, line 228]
Event: 18.620 Thread 0x000001fb7863f000 Exception <a 'java/lang/ClassNotFoundException'{0x000000008a93ec28}: org/springframework/dao/support/PersistenceExceptionTranslatorCustomizer> (0x000000008a93ec28) thrown at [./open/src/hotspot/share/classfile/systemDictionary.cpp, line 228]

Events (10 events):
Event: 19.965 loading class org/hibernate/type/descriptor/java/NClobTypeDescriptor
Event: 19.965 loading class org/hibernate/type/descriptor/java/NClobTypeDescriptor done
Event: 19.967 loading class org/hibernate/type/descriptor/java/NClobTypeDescriptor$NClobMutabilityPlan
Event: 19.967 loading class org/hibernate/type/descriptor/java/NClobTypeDescriptor$NClobMutabilityPlan done
Event: 19.968 loading class org/hibernate/type/MaterializedClobType
Event: 19.968 loading class org/hibernate/type/MaterializedClobType done
Event: 19.969 loading class org/hibernate/type/MaterializedNClobType
Event: 19.969 loading class org/hibernate/type/MaterializedNClobType done
Event: 19.970 loading class org/hibernate/type/descriptor/java/SerializableTypeDescriptor
Event: 19.970 loading class org/hibernate/type/descriptor/java/SerializableTypeDescriptor done


Dynamic libraries:
0x00007ff758bf0000 - 0x00007ff758bff000 	C:\Program Files\Java\jdk-11.0.11\bin\java.exe
0x00007ffbedce0000 - 0x00007ffbeded0000 	C:\Windows\SYSTEM32\ntdll.dll
0x00007ffbec880000 - 0x00007ffbec933000 	C:\Windows\System32\KERNEL32.DLL
0x00007ffbead20000 - 0x00007ffbeafc5000 	C:\Windows\System32\KERNELBASE.dll
0x00007ffbeb460000 - 0x00007ffbeb55a000 	C:\Windows\System32\ucrtbase.dll
0x00007ffbd8ef0000 - 0x00007ffbd8f08000 	C:\Program Files\Java\jdk-11.0.11\bin\jli.dll
0x00007ffbd8f10000 - 0x00007ffbd8f25000 	C:\Program Files\Java\jdk-11.0.11\bin\VCRUNTIME140.dll
0x00007ffbebd50000 - 0x00007ffbebdf5000 	C:\Windows\System32\ADVAPI32.dll
0x00007ffbec6a0000 - 0x00007ffbec73e000 	C:\Windows\System32\msvcrt.dll
0x00007ffbedaf0000 - 0x00007ffbedb88000 	C:\Windows\System32\sechost.dll
0x00007ffbec9c0000 - 0x00007ffbecadb000 	C:\Windows\System32\RPCRT4.dll
0x00007ffbed950000 - 0x00007ffbedae4000 	C:\Windows\System32\USER32.dll
0x00007ffbeacf0000 - 0x00007ffbead11000 	C:\Windows\System32\win32u.dll
0x00007ffbd6bc0000 - 0x00007ffbd6e44000 	C:\Windows\WinSxS\amd64_microsoft.windows.common-controls_6595b64144ccf1df_6.0.18362.2094_none_9e826881e45a6f81\COMCTL32.dll
0x00007ffbecc40000 - 0x00007ffbecc66000 	C:\Windows\System32\GDI32.dll
0x00007ffbecef0000 - 0x00007ffbed226000 	C:\Windows\System32\combase.dll
0x00007ffbeb230000 - 0x00007ffbeb3c8000 	C:\Windows\System32\gdi32full.dll
0x00007ffbeb3d0000 - 0x00007ffbeb454000 	C:\Windows\System32\bcryptPrimitives.dll
0x00007ffbeac20000 - 0x00007ffbeacbe000 	C:\Windows\System32\msvcp_win.dll
0x00007ffbe2c10000 - 0x00007ffbe2c1a000 	C:\Windows\SYSTEM32\VERSION.dll
0x00007ffbedc40000 - 0x00007ffbedc6e000 	C:\Windows\System32\IMM32.DLL
0x0000000068000000 - 0x0000000068071000 	C:\Windows\System32\QIPCAP64.dll
0x00007ffbed230000 - 0x00007ffbed917000 	C:\Windows\System32\SHELL32.dll
0x00007ffbeb580000 - 0x00007ffbeb5ca000 	C:\Windows\System32\cfgmgr32.dll
0x00007ffbedb90000 - 0x00007ffbedc39000 	C:\Windows\System32\shcore.dll
0x00007ffbeb5d0000 - 0x00007ffbebd4c000 	C:\Windows\System32\windows.storage.dll
0x00007ffbeabb0000 - 0x00007ffbeabce000 	C:\Windows\System32\profapi.dll
0x00007ffbeabd0000 - 0x00007ffbeac1a000 	C:\Windows\System32\powrprof.dll
0x00007ffbeab60000 - 0x00007ffbeab70000 	C:\Windows\System32\UMPDC.dll
0x00007ffbecdc0000 - 0x00007ffbece12000 	C:\Windows\System32\shlwapi.dll
0x00007ffbeab90000 - 0x00007ffbeaba1000 	C:\Windows\System32\kernel.appcore.dll
0x00007ffbeb560000 - 0x00007ffbeb577000 	C:\Windows\System32\cryptsp.dll
0x00007ffbea050000 - 0x00007ffbea11a000 	C:\Windows\SYSTEM32\DNSAPI.dll
0x00007ffbec950000 - 0x00007ffbec9bf000 	C:\Windows\System32\WS2_32.dll
0x00007ffbed920000 - 0x00007ffbed928000 	C:\Windows\System32\NSI.dll
0x00007ffbea010000 - 0x00007ffbea04a000 	C:\Windows\SYSTEM32\IPHLPAPI.DLL
0x00007ffbb61b0000 - 0x00007ffbb624b000 	C:\Program Files\Java\jdk-11.0.11\bin\msvcp140.dll
0x00007ffb901d0000 - 0x00007ffb90cce000 	C:\Program Files\Java\jdk-11.0.11\bin\server\jvm.dll
0x00007ffbec010000 - 0x00007ffbec018000 	C:\Windows\System32\PSAPI.DLL
0x00007ffbe83f0000 - 0x00007ffbe8414000 	C:\Windows\SYSTEM32\WINMM.dll
0x00007ffbe53a0000 - 0x00007ffbe53a9000 	C:\Windows\SYSTEM32\WSOCK32.dll
0x00007ffbe83c0000 - 0x00007ffbe83ed000 	C:\Windows\SYSTEM32\winmmbase.dll
0x00007ffbe11c0000 - 0x00007ffbe11d0000 	C:\Program Files\Java\jdk-11.0.11\bin\verify.dll
0x00007ffbe9050000 - 0x00007ffbe9244000 	C:\Windows\SYSTEM32\DBGHELP.DLL
0x00007ffbd53d0000 - 0x00007ffbd53fa000 	C:\Windows\SYSTEM32\dbgcore.DLL
0x00007ffbcf690000 - 0x00007ffbcf6b8000 	C:\Program Files\Java\jdk-11.0.11\bin\java.dll
0x00007ffbe1140000 - 0x00007ffbe114a000 	C:\Program Files\Java\jdk-11.0.11\bin\jimage.dll
0x00007ffbd32b0000 - 0x00007ffbd32c6000 	C:\Program Files\Java\jdk-11.0.11\bin\zip.dll
0x00007ffbcfbf0000 - 0x00007ffbcfc09000 	C:\Program Files\Java\jdk-11.0.11\bin\net.dll
0x00007ffbe2930000 - 0x00007ffbe2a29000 	C:\Windows\SYSTEM32\WINHTTP.dll
0x00007ffbea350000 - 0x00007ffbea3b7000 	C:\Windows\system32\mswsock.dll
0x00007ffbce4a0000 - 0x00007ffbce4b2000 	C:\Program Files\Java\jdk-11.0.11\bin\nio.dll
0x00007ffbd8fb0000 - 0x00007ffbd8fb9000 	C:\Program Files\Java\jdk-11.0.11\bin\management.dll
0x00007ffbd6820000 - 0x00007ffbd682b000 	C:\Program Files\Java\jdk-11.0.11\bin\management_ext.dll
0x00007ffbcf580000 - 0x00007ffbcf596000 	C:\Windows\system32\napinsp.dll
0x00007ffbcf5d0000 - 0x00007ffbcf5ea000 	C:\Windows\system32\pnrpnsp.dll
0x00007ffbd0620000 - 0x00007ffbd062e000 	C:\Windows\System32\winrnr.dll
0x00007ffbe61e0000 - 0x00007ffbe61fc000 	C:\Windows\system32\NLAapi.dll
0x00007ffbd0630000 - 0x00007ffbd0645000 	C:\Windows\system32\wshbth.dll
0x00007ffbd8cd0000 - 0x00007ffbd8cda000 	C:\Windows\System32\rasadhlp.dll
0x00007ffbe52c0000 - 0x00007ffbe5337000 	C:\Windows\System32\fwpuclnt.dll
0x000001fb224d0000 - 0x000001fb224f6000 	C:\Windows\System32\bcrypt.dll
0x00007ffbe9c00000 - 0x00007ffbe9c33000 	C:\Windows\system32\rsaenh.dll
0x00007ffbeaa80000 - 0x00007ffbeaaa5000 	C:\Windows\SYSTEM32\USERENV.dll
0x00007ffbea4d0000 - 0x00007ffbea4dc000 	C:\Windows\SYSTEM32\CRYPTBASE.dll
0x00007ffbe5480000 - 0x00007ffbe5496000 	C:\Windows\SYSTEM32\dhcpcsvc6.DLL
0x00007ffbe5400000 - 0x00007ffbe541c000 	C:\Windows\SYSTEM32\dhcpcsvc.DLL

dbghelp: loaded successfully - version: 4.0.5 - missing functions: none
symbol engine: initialized successfully - sym options: 0x614 - pdb path: .;C:\Program Files\Java\jdk-11.0.11\bin;C:\Windows\SYSTEM32;C:\Windows\WinSxS\amd64_microsoft.windows.common-controls_6595b64144ccf1df_6.0.18362.2094_none_9e826881e45a6f81;C:\Program Files\Java\jdk-11.0.11\bin\server

VM Arguments:
java_command: C:\Users\wcirino\AppData\Local\Temp\surefire14778048464197263066\surefirebooter1873432879479035072.jar C:\Users\wcirino\AppData\Local\Temp\surefire14778048464197263066 2022-06-20T12-54-38_079-jvmRun1 surefire18240041111581737980tmp surefire_05275396495795899254tmp
java_class_path (initial): C:\Users\wcirino\AppData\Local\Temp\surefire14778048464197263066\surefirebooter1873432879479035072.jar
Launcher Type: SUN_STANDARD

[Global flags]
     intx CICompilerCount                          = 4                                         {product} {ergonomic}
     uint ConcGCThreads                            = 2                                         {product} {ergonomic}
     uint G1ConcRefinementThreads                  = 8                                         {product} {ergonomic}
   size_t G1HeapRegionSize                         = 1048576                                   {product} {ergonomic}
    uintx GCDrainStackTargetSize                   = 64                                        {product} {ergonomic}
   size_t InitialHeapSize                          = 132120576                                 {product} {ergonomic}
   size_t MarkStackSize                            = 4194304                                   {product} {ergonomic}
   size_t MaxHeapSize                              = 2113929216                                {product} {ergonomic}
   size_t MaxNewSize                               = 1267728384                                {product} {ergonomic}
   size_t MinHeapDeltaBytes                        = 1048576                                   {product} {ergonomic}
    uintx NonNMethodCodeHeapSize                   = 5836300                                {pd product} {ergonomic}
    uintx NonProfiledCodeHeapSize                  = 122910970                              {pd product} {ergonomic}
    uintx ProfiledCodeHeapSize                     = 122910970                              {pd product} {ergonomic}
    uintx ReservedCodeCacheSize                    = 251658240                              {pd product} {ergonomic}
     bool SegmentedCodeCache                       = true                                      {product} {ergonomic}
     bool UseCompressedClassPointers               = true                                 {lp64_product} {ergonomic}
     bool UseCompressedOops                        = true                                 {lp64_product} {ergonomic}
     bool UseG1GC                                  = true                                      {product} {ergonomic}
     bool UseLargePagesIndividualAllocation        = false                                  {pd product} {ergonomic}

Logging:
Log output configuration:
 #0: stdout all=warning uptime,level,tags
 #1: stderr all=off uptime,level,tags

Environment Variables:
JAVA_HOME=C:\Program Files\Java\jdk-11.0.11
PATH=C:\Program Files\Common Files\Oracle\Java\javapath;C:\app\product\11.2.0\client_1\bin;C:\Windows\system32;C:\Windows;C:\Windows\System32\Wbem;C:\Windows\System32\WindowsPowerShell\v1.0\;C:\Windows\System32\OpenSSH\;C:\Program Files\TortoiseSVN\bin;C:\Program Files\Git\cmd;C:\Program Files\nodejs\;C:\Program Files\MongoDB\Server\5.0\bin;C:\Program Files (x86)\Kaspersky Lab\Endpoint Agent\;C:\Program Files\Docker\Docker\resources\bin;C:\ProgramData\DockerDesktop\version-bin;C:\ProgramFiles\Maven\bin;C:\Program Files\Java\jdk-11.0.11\bin;C:\Program Files\MySQL\MySQL Shell 8.0\bin\;C:\Users\wcirino\AppData\Local\Microsoft\WindowsApps;C:\Users\wcirino\AppData\Local\Programs\Microsoft VS Code\bin;C:\Users\wcirino\AppData\Roaming\npm;C:\Desenvolvimento\flutter\bin;C:\Program Files\heroku\bin;C:\Program Files\MySQL\MySQL Server 8.0\bin;
USERNAME=wcirino
OS=Windows_NT
PROCESSOR_IDENTIFIER=Intel64 Family 6 Model 142 Stepping 10, GenuineIntel



---------------  S Y S T E M  ---------------

OS: Windows 10 , 64 bit Build 18362 (10.0.18362.2037)
Hyper-V role detected

CPU:total 8 (initial active 8) (4 cores per cpu, 2 threads per core) family 6 model 142 stepping 10 microcode 0xca, cmov, cx8, fxsr, mmx, sse, sse2, sse3, ssse3, sse4.1, sse4.2, popcnt, avx, avx2, aes, clmul, erms, 3dnowpref, lzcnt, ht, tsc, tscinvbit, bmi1, bmi2, adx, fma

Memory: 4k page, system-wide physical 8060M (405M free)
TotalPageFile size 32636M (AvailPageFile size 3M)
current process WorkingSet (physical memory assigned to process): 275M, peak: 275M
current process commit charge ("private bytes"): 347M, peak: 350M

vm_info: Java HotSpot(TM) 64-Bit Server VM (11.0.11+9-LTS-194) for windows-amd64 JRE (11.0.11+9-LTS-194), built on Mar 18 2021 18:46:53 by "mach5one" with MS VC++ 15.9 (VS2017)

END.
