2022-07-12 23:21:02.527  INFO 2848 --- [restartedMain] com.clinica.ClinicaApplication           : Starting ClinicaApplication using Java 16.0.1 on NBRJ023BHZK-GS with PID 2848 (C:\WorkSpaceJavaEstudo\workSpace-gendamendo-exame-consulta\CN-NovaEra-Agendamento-Exame-Consultas\target\classes started by wcirino in C:\WorkSpaceJavaEstudo\workSpace-gendamendo-exame-consulta\CN-NovaEra-Agendamento-Exame-Consultas)
2022-07-12 23:21:02.536 DEBUG 2848 --- [restartedMain] com.clinica.ClinicaApplication           : Running with Spring Boot v2.6.3, Spring v5.3.15
2022-07-12 23:21:02.537  INFO 2848 --- [restartedMain] com.clinica.ClinicaApplication           : No active profile set, falling back to default profiles: default
2022-07-12 23:21:02.679  INFO 2848 --- [restartedMain] .e.DevToolsPropertyDefaultsPostProcessor : Devtools property defaults active! Set 'spring.devtools.add-properties' to 'false' to disable
2022-07-12 23:21:02.680  INFO 2848 --- [restartedMain] .e.DevToolsPropertyDefaultsPostProcessor : For additional web related logging consider setting the 'logging.level.web' property to 'DEBUG'
2022-07-12 23:21:05.405  INFO 2848 --- [restartedMain] .s.d.r.c.RepositoryConfigurationDelegate : Bootstrapping Spring Data JPA repositories in DEFAULT mode.
2022-07-12 23:21:05.579  INFO 2848 --- [restartedMain] .s.d.r.c.RepositoryConfigurationDelegate : Finished Spring Data repository scanning in 151 ms. Found 7 JPA repository interfaces.
2022-07-12 23:21:06.844  INFO 2848 --- [restartedMain] o.s.b.w.embedded.tomcat.TomcatWebServer  : Tomcat initialized with port(s): 8054 (http)
2022-07-12 23:21:06.865  INFO 2848 --- [restartedMain] o.apache.catalina.core.StandardService   : Starting service [Tomcat]
2022-07-12 23:21:06.866  INFO 2848 --- [restartedMain] org.apache.catalina.core.StandardEngine  : Starting Servlet engine: [Apache Tomcat/9.0.56]
2022-07-12 23:21:07.045  INFO 2848 --- [restartedMain] o.a.c.c.C.[Tomcat].[localhost].[/]       : Initializing Spring embedded WebApplicationContext
2022-07-12 23:21:07.046  INFO 2848 --- [restartedMain] w.s.c.ServletWebServerApplicationContext : Root WebApplicationContext: initialization completed in 4364 ms
2022-07-12 23:21:07.989  INFO 2848 --- [restartedMain] com.zaxxer.hikari.HikariDataSource       : HikariPool-1 - Starting...
2022-07-12 23:21:08.788  INFO 2848 --- [restartedMain] com.zaxxer.hikari.HikariDataSource       : HikariPool-1 - Start completed.
2022-07-12 23:21:10.655  INFO 2848 --- [restartedMain] j.LocalContainerEntityManagerFactoryBean : Initialized JPA EntityManagerFactory for persistence unit 'default'
2022-07-12 23:21:12.007  WARN 2848 --- [restartedMain] JpaBaseConfiguration$JpaWebConfiguration : spring.jpa.open-in-view is enabled by default. Therefore, database queries may be performed during view rendering. Explicitly configure spring.jpa.open-in-view to disable this warning
2022-07-12 23:21:12.151 DEBUG 2848 --- [restartedMain] s.w.s.m.m.a.RequestMappingHandlerMapping : 30 mappings in 'requestMappingHandlerMapping'
2022-07-12 23:21:12.329  INFO 2848 --- [restartedMain] pertySourcedRequestMappingHandlerMapping : Mapped URL path [/v2/api-docs] onto method [springfox.documentation.swagger2.web.Swagger2Controller#getDocumentation(String, HttpServletRequest)]
2022-07-12 23:21:12.599  INFO 2848 --- [restartedMain] o.s.b.d.a.OptionalLiveReloadServer       : LiveReload server is running on port 35729
2022-07-12 23:21:12.606 DEBUG 2848 --- [restartedMain] s.w.s.m.m.a.RequestMappingHandlerAdapter : ControllerAdvice beans: 0 @ModelAttribute, 0 @InitBinder, 1 RequestBodyAdvice, 1 ResponseBodyAdvice
2022-07-12 23:21:12.737 DEBUG 2848 --- [restartedMain] o.s.w.s.handler.SimpleUrlHandlerMapping  : Patterns [/webjars/**, /**] in 'resourceHandlerMapping'
2022-07-12 23:21:12.756 DEBUG 2848 --- [restartedMain] .m.m.a.ExceptionHandlerExceptionResolver : ControllerAdvice beans: 0 @ExceptionHandler, 1 ResponseBodyAdvice
2022-07-12 23:21:13.016  INFO 2848 --- [restartedMain] o.s.b.w.embedded.tomcat.TomcatWebServer  : Tomcat started on port(s): 8054 (http) with context path ''
2022-07-12 23:21:13.019  INFO 2848 --- [restartedMain] d.s.w.p.DocumentationPluginsBootstrapper : Context refreshed
2022-07-12 23:21:13.091  INFO 2848 --- [restartedMain] d.s.w.p.DocumentationPluginsBootstrapper : Found 1 custom documentation plugin(s)
2022-07-12 23:21:13.172  INFO 2848 --- [restartedMain] s.d.s.w.s.ApiListingReferenceScanner     : Scanning for api listing references
2022-07-12 23:21:13.582  INFO 2848 --- [restartedMain] .d.s.w.r.o.CachingOperationNameGenerator : Generating unique operation named: UpdateconsultaUsingPUT_1
2022-07-12 23:21:13.653  INFO 2848 --- [restartedMain] .d.s.w.r.o.CachingOperationNameGenerator : Generating unique operation named: UpdateconsultaUsingPUT_2
2022-07-12 23:21:13.677  INFO 2848 --- [restartedMain] .d.s.w.r.o.CachingOperationNameGenerator : Generating unique operation named: findAllExameUsingGET_1
2022-07-12 23:21:13.685  INFO 2848 --- [restartedMain] .d.s.w.r.o.CachingOperationNameGenerator : Generating unique operation named: findIDExameUsingGET_1
2022-07-12 23:21:13.698  INFO 2848 --- [restartedMain] .d.s.w.r.o.CachingOperationNameGenerator : Generating unique operation named: InsertExameUsingPOST_1
2022-07-12 23:21:13.709  INFO 2848 --- [restartedMain] .d.s.w.r.o.CachingOperationNameGenerator : Generating unique operation named: findAllExameUsingGET_2
2022-07-12 23:21:13.714  INFO 2848 --- [restartedMain] .d.s.w.r.o.CachingOperationNameGenerator : Generating unique operation named: findIDExameUsingGET_2
2022-07-12 23:21:13.756  INFO 2848 --- [restartedMain] com.clinica.ClinicaApplication           : Started ClinicaApplication in 12.094 seconds (JVM running for 15.222)
2022-07-12 23:22:47.184  INFO 2848 --- [RMI TCP Connection(10)-127.0.0.1] inMXBeanRegistrar$SpringApplicationAdmin : Application shutdown requested.
2022-07-12 23:22:47.208  INFO 2848 --- [RMI TCP Connection(10)-127.0.0.1] j.LocalContainerEntityManagerFactoryBean : Closing JPA EntityManagerFactory for persistence unit 'default'
2022-07-12 23:22:47.214  INFO 2848 --- [RMI TCP Connection(10)-127.0.0.1] com.zaxxer.hikari.HikariDataSource       : HikariPool-1 - Shutdown initiated...
2022-07-12 23:22:47.236  INFO 2848 --- [RMI TCP Connection(10)-127.0.0.1] com.zaxxer.hikari.HikariDataSource       : HikariPool-1 - Shutdown completed.
